TN:
SF:/home/cintie/Documents/projects/uniq/tpmp/tpmp-gr11a-lab4-bastards/src/auth.c
FNL:0,105,109
FNA:0,18,auth_logout
FNL:1,111,145
FNA:1,54,auth_create_user
FNL:2,16,22
FNA:2,0,role_to_string
FNL:3,24,32
FNA:3,108,auth_hash_password
FNL:4,34,47
FNA:4,54,auth_init
FNL:5,49,84
FNA:5,30,auth_login
FNL:6,86,103
FNA:6,54,auth_check_permission
FNL:7,9,13
FNA:7,18,role_from_string
FNF:8
FNH:7
DA:9,18
DA:10,18
DA:11,6
DA:12,0
DA:16,0
DA:17,0
DA:18,0
DA:19,0
DA:20,0
DA:24,108
DA:26,108
DA:28,3564
DA:29,3456
DA:31,108
DA:32,108
DA:34,54
DA:35,54
DA:46,54
DA:49,30
DA:50,30
DA:51,0
DA:54,30
DA:57,30
DA:58,30
DA:61,30
DA:66,30
DA:68,30
DA:71,30
DA:72,30
DA:73,18
DA:74,18
DA:75,18
DA:76,18
DA:77,18
DA:78,18
DA:80,30
DA:83,30
DA:86,54
DA:87,54
DA:90,54
DA:93,36
DA:95,36
DA:96,30
DA:97,24
DA:98,18
DA:102,12
DA:105,18
DA:106,18
DA:107,18
DA:109,18
DA:111,54
DA:113,54
DA:116,54
DA:118,54
DA:119,54
DA:121,54
DA:122,0
DA:123,0
DA:124,0
DA:128,54
DA:129,18
DA:134,36
DA:140,54
DA:141,54
DA:143,54
DA:144,54
LF:66
LH:56
end_of_record
TN:
SF:/home/cintie/Documents/projects/uniq/tpmp/tpmp-gr11a-lab4-bastards/src/car.c
FNL:0,148,208
FNA:0,0,car_get_by_owner
FNL:1,211,236
FNA:1,0,car_insert
FNL:2,239,264
FNA:2,0,car_update
FNL:3,267,297
FNA:3,0,car_delete
FNL:4,300,361
FNA:4,0,car_get_repair_history
FNL:5,364,386
FNA:5,0,car_exists
FNL:6,52,83
FNA:6,0,car_get_by_license
FNL:7,6,49
FNA:7,0,car_get_all
FNL:8,86,145
FNA:8,0,car_get_by_brand
FNF:9
FNH:0
DA:6,0
DA:7,0
DA:9,0
DA:12,0
DA:13,0
DA:16,0
DA:17,0
DA:18,0
DA:20,0
DA:22,0
DA:23,0
DA:24,0
DA:27,0
DA:28,0
DA:30,0
DA:32,0
DA:34,0
DA:35,0
DA:36,0
DA:37,0
DA:38,0
DA:39,0
DA:40,0
DA:41,0
DA:42,0
DA:43,0
DA:45,0
DA:47,0
DA:48,0
DA:52,0
DA:53,0
DA:55,0
DA:58,0
DA:63,0
DA:66,0
DA:68,0
DA:69,0
DA:70,0
DA:71,0
DA:72,0
DA:73,0
DA:74,0
DA:75,0
DA:76,0
DA:77,0
DA:79,0
DA:82,0
DA:86,0
DA:87,0
DA:89,0
DA:92,0
DA:97,0
DA:98,0
DA:99,0
DA:102,0
DA:103,0
DA:104,0
DA:106,0
DA:108,0
DA:109,0
DA:110,0
DA:111,0
DA:114,0
DA:115,0
DA:116,0
DA:117,0
DA:121,0
DA:126,0
DA:128,0
DA:130,0
DA:131,0
DA:132,0
DA:133,0
DA:134,0
DA:135,0
DA:136,0
DA:137,0
DA:138,0
DA:139,0
DA:141,0
DA:143,0
DA:144,0
DA:148,0
DA:149,0
DA:151,0
DA:154,0
DA:159,0
DA:160,0
DA:161,0
DA:164,0
DA:165,0
DA:166,0
DA:168,0
DA:170,0
DA:171,0
DA:172,0
DA:173,0
DA:176,0
DA:177,0
DA:178,0
DA:179,0
DA:183,0
DA:189,0
DA:191,0
DA:193,0
DA:194,0
DA:195,0
DA:196,0
DA:197,0
DA:198,0
DA:199,0
DA:200,0
DA:201,0
DA:202,0
DA:204,0
DA:206,0
DA:207,0
DA:211,0
DA:212,0
DA:214,0
DA:215,0
DA:216,0
DA:217,0
DA:218,0
DA:219,0
DA:222,0
DA:228,0
DA:229,0
DA:230,0
DA:231,0
DA:232,0
DA:233,0
DA:235,0
DA:239,0
DA:240,0
DA:242,0
DA:243,0
DA:244,0
DA:245,0
DA:246,0
DA:247,0
DA:250,0
DA:256,0
DA:257,0
DA:258,0
DA:259,0
DA:260,0
DA:261,0
DA:263,0
DA:267,0
DA:268,0
DA:271,0
DA:274,0
DA:278,0
DA:280,0
DA:281,0
DA:282,0
DA:284,0
DA:287,0
DA:288,0
DA:289,0
DA:293,0
DA:295,0
DA:296,0
DA:300,0
DA:301,0
DA:303,0
DA:306,0
DA:311,0
DA:312,0
DA:313,0
DA:316,0
DA:317,0
DA:318,0
DA:320,0
DA:322,0
DA:323,0
DA:324,0
DA:325,0
DA:328,0
DA:329,0
DA:330,0
DA:331,0
DA:335,0
DA:340,0
DA:342,0
DA:344,0
DA:345,0
DA:346,0
DA:347,0
DA:348,0
DA:349,0
DA:350,0
DA:351,0
DA:352,0
DA:353,0
DA:354,0
DA:355,0
DA:357,0
DA:359,0
DA:360,0
DA:364,0
DA:365,0
DA:367,0
DA:370,0
DA:373,0
DA:376,0
DA:378,0
DA:379,0
DA:380,0
DA:382,0
DA:385,0
LF:212
LH:0
end_of_record
TN:
SF:/home/cintie/Documents/projects/uniq/tpmp/tpmp-gr11a-lab4-bastards/src/database.c
FNL:0,121,165
FNA:0,0,db_get_workshop_stats_by_period
FNL:1,15,19
FNA:1,48,db_close
FNL:2,168,188
FNA:2,18,db_get_daily_stats
FNL:3,21,32
FNA:3,810,db_execute
FNL:4,3,13
FNA:4,48,db_init
FNL:5,34,45
FNA:5,6,db_query
FNL:6,47,49
FNA:6,36,db_last_insert_rowid
FNL:7,51,69
FNA:7,318,db_escape_string
FNL:8,72,91
FNA:8,12,db_create_stats_tables
FNL:9,94,118
FNA:9,6,db_create_triggers
FNF:10
FNH:9
DA:3,48
DA:5,48
DA:7,48
DA:8,0
DA:9,0
DA:12,48
DA:15,48
DA:16,48
DA:17,48
DA:19,48
DA:21,810
DA:22,810
DA:23,810
DA:25,810
DA:26,6
DA:27,6
DA:28,6
DA:31,804
DA:34,6
DA:35,6
DA:36,6
DA:38,6
DA:39,0
DA:40,0
DA:41,0
DA:44,6
DA:47,36
DA:48,36
DA:51,318
DA:52,318
DA:54,312
DA:55,312
DA:56,312
DA:58,3858
DA:59,3546
DA:60,18
DA:61,18
DA:63,3528
DA:66,312
DA:68,312
DA:72,12
DA:73,12
DA:90,12
DA:94,6
DA:95,6
DA:117,6
DA:121,0
DA:124,0
DA:125,0
DA:129,0
DA:130,0
DA:132,0
DA:135,0
DA:148,0
DA:149,0
DA:150,0
DA:151,0
DA:152,0
DA:153,0
DA:155,0
DA:156,0
DA:158,0
DA:159,0
DA:161,0
DA:164,0
DA:168,18
DA:169,18
DA:172,18
DA:178,18
DA:180,18
DA:181,18
DA:182,18
DA:184,18
DA:187,18
LF:74
LH:50
end_of_record
TN:
SF:/home/cintie/Documents/projects/uniq/tpmp/tpmp-gr11a-lab4-bastards/src/mechanic.c
FNL:0,116,141
FNA:0,12,mechanic_delete
FNL:1,144,232
FNA:1,6,mechanic_get_repairs
FNL:2,235,293
FNA:2,12,mechanic_get_repairs_by_period
FNL:3,296,323
FNA:3,12,mechanic_get_stats_by_type
FNL:4,326,360
FNA:4,12,mechanic_get_workshop
FNL:5,48,70
FNA:5,42,mechanic_get_by_id
FNL:6,6,45
FNA:6,6,mechanic_get_all
FNL:7,73,94
FNA:7,12,mechanic_insert
FNL:8,97,113
FNA:8,6,mechanic_update
FNF:9
FNH:9
DA:6,6
DA:7,6
DA:9,6
DA:12,6
DA:13,0
DA:16,6
DA:17,6
DA:18,6
DA:20,6
DA:22,6
DA:23,0
DA:24,0
DA:27,6
DA:28,6
DA:30,6
DA:31,6
DA:33,6
DA:34,36
DA:35,30
DA:36,30
DA:37,30
DA:38,30
DA:39,30
DA:41,6
DA:43,6
DA:44,6
DA:48,42
DA:49,42
DA:52,42
DA:56,42
DA:58,42
DA:59,42
DA:60,30
DA:61,30
DA:62,30
DA:63,30
DA:64,30
DA:66,42
DA:69,42
DA:73,12
DA:74,12
DA:76,12
DA:77,12
DA:80,12
DA:85,12
DA:86,12
DA:88,12
DA:89,12
DA:90,12
DA:93,12
DA:97,6
DA:98,6
DA:100,6
DA:101,6
DA:104,6
DA:109,6
DA:110,6
DA:112,6
DA:116,12
DA:117,12
DA:121,12
DA:125,12
DA:127,12
DA:128,12
DA:129,12
DA:131,12
DA:134,12
DA:135,6
DA:139,6
DA:140,6
DA:144,6
DA:145,6
DA:146,0
DA:147,0
DA:151,6
DA:155,6
DA:158,6
DA:159,6
DA:160,6
DA:162,6
DA:165,6
DA:167,6
DA:168,0
DA:172,6
DA:173,6
DA:174,0
DA:178,6
DA:181,6
DA:186,6
DA:187,0
DA:188,0
DA:191,6
DA:192,18
DA:193,12
DA:194,12
DA:195,12
DA:197,12
DA:198,12
DA:199,12
DA:200,12
DA:203,12
DA:205,12
DA:206,12
DA:207,12
DA:208,12
DA:211,12
DA:212,12
DA:213,6
DA:214,6
DA:216,6
DA:219,12
DA:221,12
DA:222,12
DA:223,12
DA:224,12
DA:227,12
DA:229,6
DA:231,6
DA:235,12
DA:238,12
DA:241,12
DA:248,12
DA:249,0
DA:252,12
DA:253,12
DA:254,12
DA:256,12
DA:258,12
DA:259,6
DA:260,6
DA:263,6
DA:264,6
DA:267,6
DA:274,6
DA:276,6
DA:277,12
DA:278,6
DA:279,6
DA:280,6
DA:281,6
DA:282,6
DA:283,6
DA:284,6
DA:285,6
DA:286,6
DA:287,6
DA:289,6
DA:291,6
DA:292,6
DA:296,12
DA:297,12
DA:300,132
DA:301,120
DA:305,12
DA:311,12
DA:312,24
DA:313,12
DA:314,12
DA:315,12
DA:316,12
DA:319,12
DA:322,12
DA:326,12
DA:327,12
DA:330,12
DA:337,12
DA:339,12
DA:340,12
DA:341,6
DA:342,6
DA:343,6
DA:344,6
DA:346,6
DA:347,6
DA:349,6
DA:350,6
DA:352,6
DA:353,6
DA:356,12
DA:359,12
LF:180
LH:170
end_of_record
TN:
SF:/home/cintie/Documents/projects/uniq/tpmp/tpmp-gr11a-lab4-bastards/src/repair.c
FNL:0,122,157
FNA:0,6,repair_insert
FNL:1,160,182
FNA:1,6,repair_update
FNL:2,185,191
FNA:2,6,repair_delete
FNL:3,194,206
FNA:3,6,repair_complete
FNL:4,209,288
FNA:4,12,repair_get_by_status
FNL:5,291,328
FNA:5,6,repair_get_stats_by_period
FNL:6,331,356
FNA:6,6,repair_get_mechanic
FNL:7,359,388
FNA:7,6,repair_get_car
FNL:8,391,446
FNA:8,0,repair_get_by_type
FNL:9,449,474
FNA:9,0,repair_get_workshop
FNL:10,477,502
FNA:10,0,repair_get_type
FNL:11,7,88
FNA:11,6,repair_get_all
FNL:12,91,119
FNA:12,36,repair_get_by_id
FNF:13
FNH:10
DA:7,6
DA:8,6
DA:10,6
DA:13,6
DA:14,0
DA:17,6
DA:18,6
DA:19,6
DA:21,6
DA:23,6
DA:24,0
DA:25,0
DA:28,6
DA:29,6
DA:31,6
DA:35,6
DA:36,0
DA:37,0
DA:40,6
DA:41,42
DA:42,36
DA:43,36
DA:44,36
DA:46,36
DA:47,36
DA:48,36
DA:49,36
DA:51,0
DA:54,36
DA:56,36
DA:57,36
DA:58,36
DA:59,36
DA:61,0
DA:64,36
DA:65,36
DA:66,24
DA:67,24
DA:69,12
DA:72,36
DA:74,36
DA:75,36
DA:76,36
DA:77,36
DA:79,0
DA:82,36
DA:84,6
DA:86,6
DA:87,6
DA:91,36
DA:92,36
DA:95,36
DA:100,36
DA:102,36
DA:103,36
DA:104,24
DA:105,24
DA:106,24
DA:107,24
DA:108,24
DA:109,24
DA:110,24
DA:111,24
DA:112,24
DA:113,24
DA:115,36
DA:118,36
DA:122,6
DA:123,6
DA:125,6
DA:126,6
DA:127,6
DA:128,6
DA:132,6
DA:133,6
DA:137,6
DA:139,0
DA:143,0
DA:146,6
DA:147,6
DA:148,6
DA:149,6
DA:151,6
DA:152,6
DA:153,6
DA:156,6
DA:160,6
DA:161,6
DA:163,6
DA:164,6
DA:165,6
DA:166,6
DA:169,6
DA:174,6
DA:176,6
DA:177,6
DA:178,6
DA:179,6
DA:181,6
DA:185,6
DA:186,6
DA:189,6
DA:190,6
DA:194,6
DA:195,6
DA:197,6
DA:200,6
DA:204,6
DA:205,6
DA:209,12
DA:210,12
DA:212,12
DA:215,12
DA:220,12
DA:221,0
DA:222,0
DA:225,12
DA:226,12
DA:227,12
DA:229,12
DA:231,12
DA:232,0
DA:233,0
DA:234,0
DA:237,12
DA:238,12
DA:239,0
DA:240,0
DA:244,12
DA:249,12
DA:251,12
DA:252,0
DA:253,0
DA:256,12
DA:257,48
DA:258,36
DA:259,36
DA:260,36
DA:262,36
DA:263,36
DA:264,0
DA:266,36
DA:268,36
DA:269,36
DA:270,0
DA:272,36
DA:273,36
DA:274,12
DA:276,36
DA:278,36
DA:279,36
DA:280,0
DA:282,36
DA:284,12
DA:286,12
DA:287,12
DA:291,6
DA:294,6
DA:295,0
DA:299,66
DA:300,60
DA:302,6
DA:305,6
DA:313,6
DA:314,24
DA:315,18
DA:316,18
DA:317,18
DA:319,18
DA:320,18
DA:322,18
DA:324,6
DA:327,6
DA:331,6
DA:332,6
DA:335,6
DA:342,6
DA:344,6
DA:345,6
DA:346,6
DA:347,6
DA:348,6
DA:349,6
DA:350,6
DA:352,6
DA:355,6
DA:359,6
DA:360,6
DA:363,6
DA:371,6
DA:373,6
DA:374,6
DA:375,6
DA:376,6
DA:377,6
DA:378,6
DA:379,6
DA:380,6
DA:381,6
DA:382,6
DA:384,6
DA:387,6
DA:391,0
DA:392,0
DA:395,0
DA:400,0
DA:401,0
DA:404,0
DA:405,0
DA:406,0
DA:408,0
DA:410,0
DA:411,0
DA:412,0
DA:415,0
DA:416,0
DA:419,0
DA:424,0
DA:425,0
DA:426,0
DA:429,0
DA:430,0
DA:431,0
DA:432,0
DA:433,0
DA:434,0
DA:435,0
DA:436,0
DA:437,0
DA:438,0
DA:439,0
DA:440,0
DA:442,0
DA:444,0
DA:445,0
DA:449,0
DA:450,0
DA:453,0
DA:460,0
DA:462,0
DA:463,0
DA:464,0
DA:465,0
DA:466,0
DA:467,0
DA:468,0
DA:470,0
DA:473,0
DA:477,0
DA:478,0
DA:481,0
DA:488,0
DA:490,0
DA:491,0
DA:492,0
DA:493,0
DA:494,0
DA:495,0
DA:496,0
DA:498,0
DA:501,0
LF:261
LH:179
end_of_record
TN:
SF:/home/cintie/Documents/projects/uniq/tpmp/tpmp-gr11a-lab4-bastards/src/workshop.c
FNL:0,109,127
FNA:0,6,workshop_update
FNL:1,130,155
FNA:1,12,workshop_delete
FNL:2,158,204
FNA:2,12,workshop_get_mechanics
FNL:3,20,55
FNA:3,6,workshop_get_all
FNL:4,207,265
FNA:4,12,workshop_get_repairs_by_period
FNL:5,268,290
FNA:5,18,workshop_get_revenue
FNL:6,293,319
FNA:6,6,workshop_get_most_active
FNL:7,58,80
FNA:7,36,workshop_get_by_id
FNL:8,6,17
FNA:8,18,callback_get_all
FNL:9,83,106
FNA:9,12,workshop_insert
FNF:10
FNH:10
DA:6,18
DA:7,18
DA:8,18
DA:10,18
DA:11,18
DA:12,18
DA:13,18
DA:15,18
DA:16,18
DA:20,6
DA:21,6
DA:23,6
DA:26,6
DA:27,0
DA:30,6
DA:31,6
DA:32,6
DA:34,6
DA:36,6
DA:37,0
DA:38,0
DA:41,6
DA:42,6
DA:44,6
DA:45,6
DA:46,6
DA:48,6
DA:49,0
DA:50,0
DA:53,6
DA:54,6
DA:58,36
DA:59,36
DA:62,36
DA:66,36
DA:68,36
DA:69,36
DA:70,24
DA:71,24
DA:72,24
DA:73,24
DA:74,24
DA:76,36
DA:79,36
DA:83,12
DA:84,12
DA:86,12
DA:87,12
DA:88,12
DA:91,12
DA:96,12
DA:97,12
DA:98,12
DA:100,12
DA:101,12
DA:102,12
DA:105,12
DA:109,6
DA:110,6
DA:112,6
DA:113,6
DA:114,6
DA:117,6
DA:122,6
DA:123,6
DA:124,6
DA:126,6
DA:130,12
DA:131,12
DA:135,12
DA:139,12
DA:141,12
DA:142,12
DA:143,12
DA:145,12
DA:148,12
DA:149,6
DA:153,6
DA:154,6
DA:158,12
DA:159,12
DA:162,12
DA:167,12
DA:168,0
DA:171,12
DA:172,12
DA:173,12
DA:175,12
DA:177,12
DA:178,6
DA:179,6
DA:182,6
DA:183,6
DA:186,6
DA:190,6
DA:192,6
DA:193,18
DA:194,12
DA:195,12
DA:196,12
DA:197,12
DA:198,12
DA:200,6
DA:202,6
DA:203,6
DA:207,12
DA:210,12
DA:213,12
DA:220,12
DA:221,0
DA:224,12
DA:225,12
DA:226,12
DA:228,12
DA:230,12
DA:231,6
DA:232,6
DA:235,6
DA:236,6
DA:239,6
DA:246,6
DA:248,6
DA:249,18
DA:250,12
DA:251,12
DA:252,12
DA:253,12
DA:254,12
DA:255,12
DA:256,12
DA:257,12
DA:258,12
DA:259,12
DA:261,6
DA:263,6
DA:264,6
DA:268,18
DA:270,18
DA:273,18
DA:280,18
DA:282,18
DA:283,18
DA:284,18
DA:286,18
DA:289,18
DA:293,6
DA:294,6
DA:296,6
DA:305,6
DA:307,6
DA:308,6
DA:309,6
DA:310,6
DA:311,6
DA:312,6
DA:313,6
DA:315,6
DA:318,6
LF:158
LH:151
end_of_record
