TN:
SF:/home/cintie/Documents/projects/uniq/tpmp/tpmp-gr11a-lab4-bastards/src/auth.c
FNL:0,105,109
FNA:0,3,auth_logout
FNL:1,111,145
FNA:1,9,auth_create_user
FNL:2,16,22
FNA:2,0,role_to_string
FNL:3,24,32
FNA:3,18,auth_hash_password
FNL:4,34,47
FNA:4,9,auth_init
FNL:5,49,84
FNA:5,5,auth_login
FNL:6,86,103
FNA:6,9,auth_check_permission
FNL:7,9,13
FNA:7,3,role_from_string
FNF:8
FNH:7
DA:9,3
DA:10,3
DA:11,1
DA:12,0
DA:16,0
DA:17,0
DA:18,0
DA:19,0
DA:20,0
DA:24,18
DA:26,18
DA:28,594
DA:29,576
DA:31,18
DA:32,18
DA:34,9
DA:35,9
DA:46,9
DA:49,5
DA:50,5
DA:51,0
DA:54,5
DA:57,5
DA:58,5
DA:61,5
DA:66,5
DA:68,5
DA:71,5
DA:72,5
DA:73,3
DA:74,3
DA:75,3
DA:76,3
DA:77,3
DA:78,3
DA:80,5
DA:83,5
DA:86,9
DA:87,9
DA:90,9
DA:93,6
DA:95,6
DA:96,5
DA:97,4
DA:98,3
DA:102,2
DA:105,3
DA:106,3
DA:107,3
DA:109,3
DA:111,9
DA:113,9
DA:116,9
DA:118,9
DA:119,9
DA:121,9
DA:122,0
DA:123,0
DA:124,0
DA:128,9
DA:129,3
DA:134,6
DA:140,9
DA:141,9
DA:143,9
DA:144,9
LF:66
LH:56
end_of_record
TN:
SF:/home/cintie/Documents/projects/uniq/tpmp/tpmp-gr11a-lab4-bastards/src/car.c
FNL:0,148,208
FNA:0,0,car_get_by_owner
FNL:1,211,236
FNA:1,0,car_insert
FNL:2,239,264
FNA:2,0,car_update
FNL:3,267,297
FNA:3,0,car_delete
FNL:4,300,361
FNA:4,0,car_get_repair_history
FNL:5,364,386
FNA:5,0,car_exists
FNL:6,52,83
FNA:6,0,car_get_by_license
FNL:7,6,49
FNA:7,0,car_get_all
FNL:8,86,145
FNA:8,0,car_get_by_brand
FNF:9
FNH:0
DA:6,0
DA:7,0
DA:9,0
DA:12,0
DA:13,0
DA:16,0
DA:17,0
DA:18,0
DA:20,0
DA:22,0
DA:23,0
DA:24,0
DA:27,0
DA:28,0
DA:30,0
DA:32,0
DA:34,0
DA:35,0
DA:36,0
DA:37,0
DA:38,0
DA:39,0
DA:40,0
DA:41,0
DA:42,0
DA:43,0
DA:45,0
DA:47,0
DA:48,0
DA:52,0
DA:53,0
DA:55,0
DA:58,0
DA:63,0
DA:66,0
DA:68,0
DA:69,0
DA:70,0
DA:71,0
DA:72,0
DA:73,0
DA:74,0
DA:75,0
DA:76,0
DA:77,0
DA:79,0
DA:82,0
DA:86,0
DA:87,0
DA:89,0
DA:92,0
DA:97,0
DA:98,0
DA:99,0
DA:102,0
DA:103,0
DA:104,0
DA:106,0
DA:108,0
DA:109,0
DA:110,0
DA:111,0
DA:114,0
DA:115,0
DA:116,0
DA:117,0
DA:121,0
DA:126,0
DA:128,0
DA:130,0
DA:131,0
DA:132,0
DA:133,0
DA:134,0
DA:135,0
DA:136,0
DA:137,0
DA:138,0
DA:139,0
DA:141,0
DA:143,0
DA:144,0
DA:148,0
DA:149,0
DA:151,0
DA:154,0
DA:159,0
DA:160,0
DA:161,0
DA:164,0
DA:165,0
DA:166,0
DA:168,0
DA:170,0
DA:171,0
DA:172,0
DA:173,0
DA:176,0
DA:177,0
DA:178,0
DA:179,0
DA:183,0
DA:189,0
DA:191,0
DA:193,0
DA:194,0
DA:195,0
DA:196,0
DA:197,0
DA:198,0
DA:199,0
DA:200,0
DA:201,0
DA:202,0
DA:204,0
DA:206,0
DA:207,0
DA:211,0
DA:212,0
DA:214,0
DA:215,0
DA:216,0
DA:217,0
DA:218,0
DA:219,0
DA:222,0
DA:228,0
DA:229,0
DA:230,0
DA:231,0
DA:232,0
DA:233,0
DA:235,0
DA:239,0
DA:240,0
DA:242,0
DA:243,0
DA:244,0
DA:245,0
DA:246,0
DA:247,0
DA:250,0
DA:256,0
DA:257,0
DA:258,0
DA:259,0
DA:260,0
DA:261,0
DA:263,0
DA:267,0
DA:268,0
DA:271,0
DA:274,0
DA:278,0
DA:280,0
DA:281,0
DA:282,0
DA:284,0
DA:287,0
DA:288,0
DA:289,0
DA:293,0
DA:295,0
DA:296,0
DA:300,0
DA:301,0
DA:303,0
DA:306,0
DA:311,0
DA:312,0
DA:313,0
DA:316,0
DA:317,0
DA:318,0
DA:320,0
DA:322,0
DA:323,0
DA:324,0
DA:325,0
DA:328,0
DA:329,0
DA:330,0
DA:331,0
DA:335,0
DA:340,0
DA:342,0
DA:344,0
DA:345,0
DA:346,0
DA:347,0
DA:348,0
DA:349,0
DA:350,0
DA:351,0
DA:352,0
DA:353,0
DA:354,0
DA:355,0
DA:357,0
DA:359,0
DA:360,0
DA:364,0
DA:365,0
DA:367,0
DA:370,0
DA:373,0
DA:376,0
DA:378,0
DA:379,0
DA:380,0
DA:382,0
DA:385,0
LF:212
LH:0
end_of_record
TN:
SF:/home/cintie/Documents/projects/uniq/tpmp/tpmp-gr11a-lab4-bastards/src/database.c
FNL:0,121,165
FNA:0,0,db_get_workshop_stats_by_period
FNL:1,15,19
FNA:1,8,db_close
FNL:2,168,188
FNA:2,3,db_get_daily_stats
FNL:3,21,32
FNA:3,135,db_execute
FNL:4,3,13
FNA:4,8,db_init
FNL:5,34,45
FNA:5,1,db_query
FNL:6,47,49
FNA:6,6,db_last_insert_rowid
FNL:7,51,69
FNA:7,53,db_escape_string
FNL:8,72,91
FNA:8,2,db_create_stats_tables
FNL:9,94,118
FNA:9,1,db_create_triggers
FNF:10
FNH:9
DA:3,8
DA:5,8
DA:7,8
DA:8,0
DA:9,0
DA:12,8
DA:15,8
DA:16,8
DA:17,8
DA:19,8
DA:21,135
DA:22,135
DA:23,135
DA:25,135
DA:26,1
DA:27,1
DA:28,1
DA:31,134
DA:34,1
DA:35,1
DA:36,1
DA:38,1
DA:39,0
DA:40,0
DA:41,0
DA:44,1
DA:47,6
DA:48,6
DA:51,53
DA:52,53
DA:54,52
DA:55,52
DA:56,52
DA:58,643
DA:59,591
DA:60,3
DA:61,3
DA:63,588
DA:66,52
DA:68,52
DA:72,2
DA:73,2
DA:90,2
DA:94,1
DA:95,1
DA:117,1
DA:121,0
DA:124,0
DA:125,0
DA:129,0
DA:130,0
DA:132,0
DA:135,0
DA:148,0
DA:149,0
DA:150,0
DA:151,0
DA:152,0
DA:153,0
DA:155,0
DA:156,0
DA:158,0
DA:159,0
DA:161,0
DA:164,0
DA:168,3
DA:169,3
DA:172,3
DA:178,3
DA:180,3
DA:181,3
DA:182,3
DA:184,3
DA:187,3
LF:74
LH:50
end_of_record
TN:
SF:/home/cintie/Documents/projects/uniq/tpmp/tpmp-gr11a-lab4-bastards/src/mechanic.c
FNL:0,116,141
FNA:0,2,mechanic_delete
FNL:1,144,232
FNA:1,1,mechanic_get_repairs
FNL:2,235,293
FNA:2,2,mechanic_get_repairs_by_period
FNL:3,296,323
FNA:3,2,mechanic_get_stats_by_type
FNL:4,326,360
FNA:4,2,mechanic_get_workshop
FNL:5,48,70
FNA:5,7,mechanic_get_by_id
FNL:6,6,45
FNA:6,1,mechanic_get_all
FNL:7,73,94
FNA:7,2,mechanic_insert
FNL:8,97,113
FNA:8,1,mechanic_update
FNF:9
FNH:9
DA:6,1
DA:7,1
DA:9,1
DA:12,1
DA:13,0
DA:16,1
DA:17,1
DA:18,1
DA:20,1
DA:22,1
DA:23,0
DA:24,0
DA:27,1
DA:28,1
DA:30,1
DA:31,1
DA:33,1
DA:34,6
DA:35,5
DA:36,5
DA:37,5
DA:38,5
DA:39,5
DA:41,1
DA:43,1
DA:44,1
DA:48,7
DA:49,7
DA:52,7
DA:56,7
DA:58,7
DA:59,7
DA:60,5
DA:61,5
DA:62,5
DA:63,5
DA:64,5
DA:66,7
DA:69,7
DA:73,2
DA:74,2
DA:76,2
DA:77,2
DA:80,2
DA:85,2
DA:86,2
DA:88,2
DA:89,2
DA:90,2
DA:93,2
DA:97,1
DA:98,1
DA:100,1
DA:101,1
DA:104,1
DA:109,1
DA:110,1
DA:112,1
DA:116,2
DA:117,2
DA:121,2
DA:125,2
DA:127,2
DA:128,2
DA:129,2
DA:131,2
DA:134,2
DA:135,1
DA:139,1
DA:140,1
DA:144,1
DA:145,1
DA:146,0
DA:147,0
DA:151,1
DA:155,1
DA:158,1
DA:159,1
DA:160,1
DA:162,1
DA:165,1
DA:167,1
DA:168,0
DA:172,1
DA:173,1
DA:174,0
DA:178,1
DA:181,1
DA:186,1
DA:187,0
DA:188,0
DA:191,1
DA:192,3
DA:193,2
DA:194,2
DA:195,2
DA:197,2
DA:198,2
DA:199,2
DA:200,2
DA:203,2
DA:205,2
DA:206,2
DA:207,2
DA:208,2
DA:211,2
DA:212,2
DA:213,1
DA:214,1
DA:216,1
DA:219,2
DA:221,2
DA:222,2
DA:223,2
DA:224,2
DA:227,2
DA:229,1
DA:231,1
DA:235,2
DA:238,2
DA:241,2
DA:248,2
DA:249,0
DA:252,2
DA:253,2
DA:254,2
DA:256,2
DA:258,2
DA:259,1
DA:260,1
DA:263,1
DA:264,1
DA:267,1
DA:274,1
DA:276,1
DA:277,2
DA:278,1
DA:279,1
DA:280,1
DA:281,1
DA:282,1
DA:283,1
DA:284,1
DA:285,1
DA:286,1
DA:287,1
DA:289,1
DA:291,1
DA:292,1
DA:296,2
DA:297,2
DA:300,22
DA:301,20
DA:305,2
DA:311,2
DA:312,4
DA:313,2
DA:314,2
DA:315,2
DA:316,2
DA:319,2
DA:322,2
DA:326,2
DA:327,2
DA:330,2
DA:337,2
DA:339,2
DA:340,2
DA:341,1
DA:342,1
DA:343,1
DA:344,1
DA:346,1
DA:347,1
DA:349,1
DA:350,1
DA:352,1
DA:353,1
DA:356,2
DA:359,2
LF:180
LH:170
end_of_record
TN:
SF:/home/cintie/Documents/projects/uniq/tpmp/tpmp-gr11a-lab4-bastards/src/repair.c
FNL:0,122,157
FNA:0,1,repair_insert
FNL:1,160,182
FNA:1,1,repair_update
FNL:2,185,191
FNA:2,1,repair_delete
FNL:3,194,206
FNA:3,1,repair_complete
FNL:4,209,288
FNA:4,2,repair_get_by_status
FNL:5,291,328
FNA:5,1,repair_get_stats_by_period
FNL:6,331,356
FNA:6,1,repair_get_mechanic
FNL:7,359,388
FNA:7,1,repair_get_car
FNL:8,391,446
FNA:8,0,repair_get_by_type
FNL:9,449,474
FNA:9,0,repair_get_workshop
FNL:10,477,502
FNA:10,0,repair_get_type
FNL:11,7,88
FNA:11,1,repair_get_all
FNL:12,91,119
FNA:12,6,repair_get_by_id
FNF:13
FNH:10
DA:7,1
DA:8,1
DA:10,1
DA:13,1
DA:14,0
DA:17,1
DA:18,1
DA:19,1
DA:21,1
DA:23,1
DA:24,0
DA:25,0
DA:28,1
DA:29,1
DA:31,1
DA:35,1
DA:36,0
DA:37,0
DA:40,1
DA:41,7
DA:42,6
DA:43,6
DA:44,6
DA:46,6
DA:47,6
DA:48,6
DA:49,6
DA:51,0
DA:54,6
DA:56,6
DA:57,6
DA:58,6
DA:59,6
DA:61,0
DA:64,6
DA:65,6
DA:66,4
DA:67,4
DA:69,2
DA:72,6
DA:74,6
DA:75,6
DA:76,6
DA:77,6
DA:79,0
DA:82,6
DA:84,1
DA:86,1
DA:87,1
DA:91,6
DA:92,6
DA:95,6
DA:100,6
DA:102,6
DA:103,6
DA:104,4
DA:105,4
DA:106,4
DA:107,4
DA:108,4
DA:109,4
DA:110,4
DA:111,4
DA:112,4
DA:113,4
DA:115,6
DA:118,6
DA:122,1
DA:123,1
DA:125,1
DA:126,1
DA:127,1
DA:128,1
DA:132,1
DA:133,1
DA:137,1
DA:139,0
DA:143,0
DA:146,1
DA:147,1
DA:148,1
DA:149,1
DA:151,1
DA:152,1
DA:153,1
DA:156,1
DA:160,1
DA:161,1
DA:163,1
DA:164,1
DA:165,1
DA:166,1
DA:169,1
DA:174,1
DA:176,1
DA:177,1
DA:178,1
DA:179,1
DA:181,1
DA:185,1
DA:186,1
DA:189,1
DA:190,1
DA:194,1
DA:195,1
DA:197,1
DA:200,1
DA:204,1
DA:205,1
DA:209,2
DA:210,2
DA:212,2
DA:215,2
DA:220,2
DA:221,0
DA:222,0
DA:225,2
DA:226,2
DA:227,2
DA:229,2
DA:231,2
DA:232,0
DA:233,0
DA:234,0
DA:237,2
DA:238,2
DA:239,0
DA:240,0
DA:244,2
DA:249,2
DA:251,2
DA:252,0
DA:253,0
DA:256,2
DA:257,8
DA:258,6
DA:259,6
DA:260,6
DA:262,6
DA:263,6
DA:264,0
DA:266,6
DA:268,6
DA:269,6
DA:270,0
DA:272,6
DA:273,6
DA:274,2
DA:276,6
DA:278,6
DA:279,6
DA:280,0
DA:282,6
DA:284,2
DA:286,2
DA:287,2
DA:291,1
DA:294,1
DA:295,0
DA:299,11
DA:300,10
DA:302,1
DA:305,1
DA:313,1
DA:314,4
DA:315,3
DA:316,3
DA:317,3
DA:319,3
DA:320,3
DA:322,3
DA:324,1
DA:327,1
DA:331,1
DA:332,1
DA:335,1
DA:342,1
DA:344,1
DA:345,1
DA:346,1
DA:347,1
DA:348,1
DA:349,1
DA:350,1
DA:352,1
DA:355,1
DA:359,1
DA:360,1
DA:363,1
DA:371,1
DA:373,1
DA:374,1
DA:375,1
DA:376,1
DA:377,1
DA:378,1
DA:379,1
DA:380,1
DA:381,1
DA:382,1
DA:384,1
DA:387,1
DA:391,0
DA:392,0
DA:395,0
DA:400,0
DA:401,0
DA:404,0
DA:405,0
DA:406,0
DA:408,0
DA:410,0
DA:411,0
DA:412,0
DA:415,0
DA:416,0
DA:419,0
DA:424,0
DA:425,0
DA:426,0
DA:429,0
DA:430,0
DA:431,0
DA:432,0
DA:433,0
DA:434,0
DA:435,0
DA:436,0
DA:437,0
DA:438,0
DA:439,0
DA:440,0
DA:442,0
DA:444,0
DA:445,0
DA:449,0
DA:450,0
DA:453,0
DA:460,0
DA:462,0
DA:463,0
DA:464,0
DA:465,0
DA:466,0
DA:467,0
DA:468,0
DA:470,0
DA:473,0
DA:477,0
DA:478,0
DA:481,0
DA:488,0
DA:490,0
DA:491,0
DA:492,0
DA:493,0
DA:494,0
DA:495,0
DA:496,0
DA:498,0
DA:501,0
LF:261
LH:179
end_of_record
TN:
SF:/home/cintie/Documents/projects/uniq/tpmp/tpmp-gr11a-lab4-bastards/src/workshop.c
FNL:0,109,127
FNA:0,1,workshop_update
FNL:1,130,155
FNA:1,2,workshop_delete
FNL:2,158,204
FNA:2,2,workshop_get_mechanics
FNL:3,20,55
FNA:3,1,workshop_get_all
FNL:4,207,265
FNA:4,2,workshop_get_repairs_by_period
FNL:5,268,290
FNA:5,3,workshop_get_revenue
FNL:6,293,319
FNA:6,1,workshop_get_most_active
FNL:7,58,80
FNA:7,6,workshop_get_by_id
FNL:8,6,17
FNA:8,3,callback_get_all
FNL:9,83,106
FNA:9,2,workshop_insert
FNF:10
FNH:10
DA:6,3
DA:7,3
DA:8,3
DA:10,3
DA:11,3
DA:12,3
DA:13,3
DA:15,3
DA:16,3
DA:20,1
DA:21,1
DA:23,1
DA:26,1
DA:27,0
DA:30,1
DA:31,1
DA:32,1
DA:34,1
DA:36,1
DA:37,0
DA:38,0
DA:41,1
DA:42,1
DA:44,1
DA:45,1
DA:46,1
DA:48,1
DA:49,0
DA:50,0
DA:53,1
DA:54,1
DA:58,6
DA:59,6
DA:62,6
DA:66,6
DA:68,6
DA:69,6
DA:70,4
DA:71,4
DA:72,4
DA:73,4
DA:74,4
DA:76,6
DA:79,6
DA:83,2
DA:84,2
DA:86,2
DA:87,2
DA:88,2
DA:91,2
DA:96,2
DA:97,2
DA:98,2
DA:100,2
DA:101,2
DA:102,2
DA:105,2
DA:109,1
DA:110,1
DA:112,1
DA:113,1
DA:114,1
DA:117,1
DA:122,1
DA:123,1
DA:124,1
DA:126,1
DA:130,2
DA:131,2
DA:135,2
DA:139,2
DA:141,2
DA:142,2
DA:143,2
DA:145,2
DA:148,2
DA:149,1
DA:153,1
DA:154,1
DA:158,2
DA:159,2
DA:162,2
DA:167,2
DA:168,0
DA:171,2
DA:172,2
DA:173,2
DA:175,2
DA:177,2
DA:178,1
DA:179,1
DA:182,1
DA:183,1
DA:186,1
DA:190,1
DA:192,1
DA:193,3
DA:194,2
DA:195,2
DA:196,2
DA:197,2
DA:198,2
DA:200,1
DA:202,1
DA:203,1
DA:207,2
DA:210,2
DA:213,2
DA:220,2
DA:221,0
DA:224,2
DA:225,2
DA:226,2
DA:228,2
DA:230,2
DA:231,1
DA:232,1
DA:235,1
DA:236,1
DA:239,1
DA:246,1
DA:248,1
DA:249,3
DA:250,2
DA:251,2
DA:252,2
DA:253,2
DA:254,2
DA:255,2
DA:256,2
DA:257,2
DA:258,2
DA:259,2
DA:261,1
DA:263,1
DA:264,1
DA:268,3
DA:270,3
DA:273,3
DA:280,3
DA:282,3
DA:283,3
DA:284,3
DA:286,3
DA:289,3
DA:293,1
DA:294,1
DA:296,1
DA:305,1
DA:307,1
DA:308,1
DA:309,1
DA:310,1
DA:311,1
DA:312,1
DA:313,1
DA:315,1
DA:318,1
LF:158
LH:151
end_of_record
